<?xml version="1.0" encoding="UTF-8"?>
<!-- Generated by org.testng.reporters.JUnitReportReporter -->
<testsuite hostname="LAPTOP-41II3V7G" failures="0" tests="1" name="com.gcr.scripts.TC2" time="3.315" errors="0" timestamp="2022-12-20T22:48:46 IST" skipped="0">
  <testcase classname="com.gcr.scripts.TC2" name="Login_LogoutTestCaseExcel" time="3.315"/>
  <system-out/>
</testsuite> <!-- com.gcr.scripts.TC2 -->
