<?xml version="1.0" encoding="UTF-8"?>
<!-- Generated by org.testng.reporters.JUnitReportReporter -->
<testsuite hostname="LAPTOP-41II3V7G" failures="0" tests="1" name="com.gcr.scripts.TC5" time="10.562" errors="0" timestamp="2023-01-08T21:56:29 IST" skipped="0">
  <testcase classname="com.gcr.scripts.TC5" name="LoginLogout_Webshop" time="10.562"/>
  <system-out/>
</testsuite> <!-- com.gcr.scripts.TC5 -->
