<?xml version="1.0" encoding="UTF-8"?>
<!-- Generated by org.testng.reporters.JUnitReportReporter -->
<testsuite hostname="LAPTOP-41II3V7G" failures="0" tests="1" name="com.gcr.scripts.TC4" time="10.358" errors="0" timestamp="2023-01-08T16:02:50 IST" skipped="0">
  <testcase classname="com.gcr.scripts.TC4" name="LoginLogout_Webshop" time="10.358"/>
  <system-out/>
</testsuite> <!-- com.gcr.scripts.TC4 -->
